MaxstARSample/build/outputs/logs/manifest-merger-debug-report.txt
-- Merging decision tree log ---
manifest
ADDED from src\main\AndroidManifest.xml:2:1-83:12
INJECTED from src\main\AndroidManifest.xml:2:1-83:12
INJECTED from src\main\AndroidManifest.xml:2:1-83:12
INJECTED from src\main\AndroidManifest.xml:2:1-83:12
MERGED from [gun0912.ted:tedpermission:1.0.0] AndroidManifest.xml:2:1-15:12
MERGED from [com.android.support:appcompat-v7:25.1.0] AndroidManifest.xml:17:1-27:12
MERGED from [com.android.support:animated-vector-drawable:25.1.0] AndroidManifest.xml:17:1-24:12
MERGED from [com.android.support:support-vector-drawable:25.1.0] AndroidManifest.xml:17:1-25:12
MERGED from [com.android.support:support-v4:25.1.0] AndroidManifest.xml:17:1-27:12
MERGED from [com.android.support:support-fragment:25.1.0] AndroidManifest.xml:17:1-27:12
MERGED from [com.android.support:support-media-compat:25.1.0] AndroidManifest.xml:17:1-27:12
MERGED from [com.android.support:support-core-utils:25.1.0] AndroidManifest.xml:17:1-27:12
MERGED from [com.android.support:support-core-ui:25.1.0] AndroidManifest.xml:17:1-27:12
MERGED from [com.android.support:support-compat:25.1.0] AndroidManifest.xml:17:1-27:12
INJECTED from src\main\AndroidManifest.xml:2:1-83:12
INJECTED from src\main\AndroidManifest.xml:2:1-83:12
INJECTED from src\main\AndroidManifest.xml:2:1-83:12
	package
		ADDED from src\main\AndroidManifest.xml:2:11-40
		INJECTED from src\main\AndroidManifest.xml
		INJECTED from src\main\AndroidManifest.xml
	android:versionName
		INJECTED from src\main\AndroidManifest.xml
		ADDED from src\main\AndroidManifest.xml:2:1-83:12
		INJECTED from src\main\AndroidManifest.xml
	android:versionCode
		INJECTED from src\main\AndroidManifest.xml
		ADDED from src\main\AndroidManifest.xml:2:1-83:12
		INJECTED from src\main\AndroidManifest.xml
	xmlns:android
		ADDED from src\main\AndroidManifest.xml:3:11-69
uses-permission#android.permission.CAMERA
ADDED from src\main\AndroidManifest.xml:5:5-64
	android:name
		ADDED from src\main\AndroidManifest.xml:5:22-62
uses-permission#android.permission.WRITE_EXTERNAL_STORAGE
ADDED from src\main\AndroidManifest.xml:6:5-80
	android:name
		ADDED from src\main\AndroidManifest.xml:6:22-78
uses-permission#android.permission.INTERNET
ADDED from src\main\AndroidManifest.xml:7:5-66
	android:name
		ADDED from src\main\AndroidManifest.xml:7:22-64
application
ADDED from src\main\AndroidManifest.xml:9:5-81:19
MERGED from [gun0912.ted:tedpermission:1.0.0] AndroidManifest.xml:9:5-13:19
MERGED from [gun0912.ted:tedpermission:1.0.0] AndroidManifest.xml:9:5-13:19
MERGED from [com.android.support:appcompat-v7:25.1.0] AndroidManifest.xml:25:5-20
MERGED from [com.android.support:appcompat-v7:25.1.0] AndroidManifest.xml:25:5-20
MERGED from [com.android.support:animated-vector-drawable:25.1.0] AndroidManifest.xml:22:5-20
MERGED from [com.android.support:animated-vector-drawable:25.1.0] AndroidManifest.xml:22:5-20
MERGED from [com.android.support:support-vector-drawable:25.1.0] AndroidManifest.xml:23:5-20
MERGED from [com.android.support:support-vector-drawable:25.1.0] AndroidManifest.xml:23:5-20
MERGED from [com.android.support:support-v4:25.1.0] AndroidManifest.xml:25:5-20
MERGED from [com.android.support:support-v4:25.1.0] AndroidManifest.xml:25:5-20
MERGED from [com.android.support:support-fragment:25.1.0] AndroidManifest.xml:25:5-20
MERGED from [com.android.support:support-fragment:25.1.0] AndroidManifest.xml:25:5-20
MERGED from [com.android.support:support-media-compat:25.1.0] AndroidManifest.xml:25:5-20
MERGED from [com.android.support:support-media-compat:25.1.0] AndroidManifest.xml:25:5-20
MERGED from [com.android.support:support-core-utils:25.1.0] AndroidManifest.xml:25:5-20
MERGED from [com.android.support:support-core-utils:25.1.0] AndroidManifest.xml:25:5-20
MERGED from [com.android.support:support-core-ui:25.1.0] AndroidManifest.xml:25:5-20
MERGED from [com.android.support:support-core-ui:25.1.0] AndroidManifest.xml:25:5-20
MERGED from [com.android.support:support-compat:25.1.0] AndroidManifest.xml:25:5-20
MERGED from [com.android.support:support-compat:25.1.0] AndroidManifest.xml:25:5-20
	android:supportsRtl
		ADDED from src\main\AndroidManifest.xml:13:9-35
	android:label
		ADDED from src\main\AndroidManifest.xml:12:9-41
	android:icon
		ADDED from src\main\AndroidManifest.xml:11:9-40
	android:allowBackup
		ADDED from src\main\AndroidManifest.xml:10:9-35
	android:theme
		ADDED from src\main\AndroidManifest.xml:14:9-40
activity#com.maxst.ar.sample.PermissionCheckActivity
ADDED from src\main\AndroidManifest.xml:15:9-23:20
	android:configChanges
		ADDED from src\main\AndroidManifest.xml:17:13-59
	android:name
		ADDED from src\main\AndroidManifest.xml:16:13-52
intent-filter#android.intent.action.MAIN+android.intent.category.LAUNCHER
ADDED from src\main\AndroidManifest.xml:18:13-22:29
action#android.intent.action.MAIN
ADDED from src\main\AndroidManifest.xml:19:17-68
	android:name
		ADDED from src\main\AndroidManifest.xml:19:25-66
category#android.intent.category.LAUNCHER
ADDED from src\main\AndroidManifest.xml:21:17-76
	android:name
		ADDED from src\main\AndroidManifest.xml:21:27-74
activity#com.maxst.ar.sample.MainActivity
ADDED from src\main\AndroidManifest.xml:25:9-28:79
	android:configChanges
		ADDED from src\main\AndroidManifest.xml:27:13-59
	android:theme
		ADDED from src\main\AndroidManifest.xml:28:13-77
	android:name
		ADDED from src\main\AndroidManifest.xml:26:13-41
activity#com.maxst.ar.sample.SettingsActivity
ADDED from src\main\AndroidManifest.xml:30:9-33:79
	android:configChanges
		ADDED from src\main\AndroidManifest.xml:32:13-59
	android:theme
		ADDED from src\main\AndroidManifest.xml:33:13-77
	android:name
		ADDED from src\main\AndroidManifest.xml:31:13-45
activity#com.maxst.ar.sample.imageTracker.ImageTrackerActivity
ADDED from src\main\AndroidManifest.xml:35:9-38:79
	android:configChanges
		ADDED from src\main\AndroidManifest.xml:37:13-59
	android:theme
		ADDED from src\main\AndroidManifest.xml:38:13-77
	android:name
		ADDED from src\main\AndroidManifest.xml:36:13-62
activity#com.maxst.ar.sample.markerTracker.MarkerTrackerActivity
ADDED from src\main\AndroidManifest.xml:40:9-43:79
	android:configChanges
		ADDED from src\main\AndroidManifest.xml:42:13-59
	android:theme
		ADDED from src\main\AndroidManifest.xml:43:13-77
	android:name
		ADDED from src\main\AndroidManifest.xml:41:13-64
activity#com.maxst.ar.sample.instantTracker.InstantTrackerActivity
ADDED from src\main\AndroidManifest.xml:45:9-48:79
	android:configChanges
		ADDED from src\main\AndroidManifest.xml:47:13-59
	android:theme
		ADDED from src\main\AndroidManifest.xml:48:13-77
	android:name
		ADDED from src\main\AndroidManifest.xml:46:13-66
activity#com.maxst.ar.sample.slam.SlamActivity
ADDED from src\main\AndroidManifest.xml:50:9-54:79
	android:screenOrientation
		ADDED from src\main\AndroidManifest.xml:53:13-50
	android:configChanges
		ADDED from src\main\AndroidManifest.xml:52:13-59
	android:theme
		ADDED from src\main\AndroidManifest.xml:54:13-77
	android:name
		ADDED from src\main\AndroidManifest.xml:51:13-46
activity#com.maxst.ar.sample.slam.MapSelectActivity
ADDED from src\main\AndroidManifest.xml:56:9-59:49
	android:label
		ADDED from src\main\AndroidManifest.xml:59:13-47
	android:theme
		ADDED from src\main\AndroidManifest.xml:58:13-55
	android:name
		ADDED from src\main\AndroidManifest.xml:57:13-51
activity#com.maxst.ar.sample.slam.ObjectTrackerActivity
ADDED from src\main\AndroidManifest.xml:61:9-64:79
	android:configChanges
		ADDED from src\main\AndroidManifest.xml:63:13-59
	android:theme
		ADDED from src\main\AndroidManifest.xml:64:13-77
	android:name
		ADDED from src\main\AndroidManifest.xml:62:13-55
activity#com.maxst.ar.sample.code.CodeScanActivity
ADDED from src\main\AndroidManifest.xml:66:9-69:79
	android:configChanges
		ADDED from src\main\AndroidManifest.xml:68:13-59
	android:theme
		ADDED from src\main\AndroidManifest.xml:69:13-77
	android:name
		ADDED from src\main\AndroidManifest.xml:67:13-50
activity#com.maxst.ar.sample.wearable.WearableDeviceRenderingActivity
ADDED from src\main\AndroidManifest.xml:71:9-75:79
	android:screenOrientation
		ADDED from src\main\AndroidManifest.xml:74:13-50
	android:configChanges
		ADDED from src\main\AndroidManifest.xml:73:13-59
	android:theme
		ADDED from src\main\AndroidManifest.xml:75:13-77
	android:name
		ADDED from src\main\AndroidManifest.xml:72:13-69
activity#com.maxst.ar.sample.camera_config.CameraConfigureActivity
ADDED from src\main\AndroidManifest.xml:77:9-80:79
	android:configChanges
		ADDED from src\main\AndroidManifest.xml:79:13-59
	android:theme
		ADDED from src\main\AndroidManifest.xml:80:13-77
	android:name
		ADDED from src\main\AndroidManifest.xml:78:13-66
uses-sdk
INJECTED from src\main\AndroidManifest.xml reason: use-sdk injection requested
INJECTED from src\main\AndroidManifest.xml
INJECTED from src\main\AndroidManifest.xml
MERGED from [gun0912.ted:tedpermission:1.0.0] AndroidManifest.xml:5:5-7:41
MERGED from [gun0912.ted:tedpermission:1.0.0] AndroidManifest.xml:5:5-7:41
MERGED from [com.android.support:appcompat-v7:25.1.0] AndroidManifest.xml:21:5-23:78
MERGED from [com.android.support:appcompat-v7:25.1.0] AndroidManifest.xml:21:5-23:78
MERGED from [com.android.support:animated-vector-drawable:25.1.0] AndroidManifest.xml:20:5-44
MERGED from [com.android.support:animated-vector-drawable:25.1.0] AndroidManifest.xml:20:5-44
MERGED from [com.android.support:support-vector-drawable:25.1.0] AndroidManifest.xml:21:5-43
MERGED from [com.android.support:support-vector-drawable:25.1.0] AndroidManifest.xml:21:5-43
MERGED from [com.android.support:support-v4:25.1.0] AndroidManifest.xml:21:5-23:54
MERGED from [com.android.support:support-v4:25.1.0] AndroidManifest.xml:21:5-23:54
MERGED from [com.android.support:support-fragment:25.1.0] AndroidManifest.xml:21:5-23:60
MERGED from [com.android.support:support-fragment:25.1.0] AndroidManifest.xml:21:5-23:60
MERGED from [com.android.support:support-media-compat:25.1.0] AndroidManifest.xml:21:5-23:63
MERGED from [com.android.support:support-media-compat:25.1.0] AndroidManifest.xml:21:5-23:63
MERGED from [com.android.support:support-core-utils:25.1.0] AndroidManifest.xml:21:5-23:61
MERGED from [com.android.support:support-core-utils:25.1.0] AndroidManifest.xml:21:5-23:61
MERGED from [com.android.support:support-core-ui:25.1.0] AndroidManifest.xml:21:5-23:58
MERGED from [com.android.support:support-core-ui:25.1.0] AndroidManifest.xml:21:5-23:58
MERGED from [com.android.support:support-compat:25.1.0] AndroidManifest.xml:21:5-23:58
MERGED from [com.android.support:support-compat:25.1.0] AndroidManifest.xml:21:5-23:58
INJECTED from src\main\AndroidManifest.xml
INJECTED from src\main\AndroidManifest.xml
	tools:overrideLibrary
		ADDED from [com.android.support:appcompat-v7:25.1.0] AndroidManifest.xml:23:9-75
	android:targetSdkVersion
		INJECTED from src\main\AndroidManifest.xml
		ADDED from src\main\AndroidManifest.xml
		INJECTED from src\main\AndroidManifest.xml
	android:minSdkVersion
		INJECTED from src\main\AndroidManifest.xml
		ADDED from src\main\AndroidManifest.xml
		INJECTED from src\main\AndroidManifest.xml
activity#com.gun0912.tedpermission.TedPermissionActivity
ADDED from [gun0912.ted:tedpermission:1.0.0] AndroidManifest.xml:10:9-12:56
	android:theme
		ADDED from [gun0912.ted:tedpermission:1.0.0] AndroidManifest.xml:12:13-53
	android:name
		ADDED from [gun0912.ted:tedpermission:1.0.0] AndroidManifest.xml:11:13-75